<!DOCTYPE html PUBLIC "-//W3C//DTD XHTML 1.1//EN" "https://www.w3.org/TR/xhtml11/DTD/xhtml11.dtd">
<html xmlns="https://www.w3.org/1999/xhtml">
<head>
<meta http-equiv="content-type" content="text/html; charset=UTF-8"/>
<title>TestNG Report</title>
<style type="text/css">table {margin-bottom:10px;border-collapse:collapse;empty-cells:show}th,td {border:1px solid #009;padding:.25em .5em}th {vertical-align:bottom}td {vertical-align:top}table a {font-weight:bold}.stripe td {background-color: #E6EBF9}.num {text-align:right}.passedodd td {background-color: #3F3}.passedeven td {background-color: #0A0}.skippedodd td {background-color: #DDD}.skippedeven td {background-color: #CCC}.failedodd td,.attn {background-color: #F33}.failedeven td,.stripe .attn {background-color: #D00}.stacktrace {white-space:pre;font-family:monospace}.totop {font-size:85%;text-align:center;border-bottom:2px solid #000}.invisible {display:none}</style>
</head>
<body>
<table>
<tr><th>Test</th><th># Passed</th><th># Skipped</th><th># Retried</th><th># Failed</th><th>Time (ms)</th><th>Included Groups</th><th>Excluded Groups</th></tr>
<tr><th colspan="8">AutomationTesting</th></tr>
<tr><td><a href="#t0">Test</a></td><td class="num">0</td><td class="num attn">8</td><td class="num">0</td><td class="num">0</td><td class="num">3,044</td><td></td><td></td></tr>
</table>
<table id='summary'><thead><tr><th>Class</th><th>Method</th><th>Start</th><th>Time (ms)</th></tr></thead><tbody><tr><th colspan="4">AutomationTesting</th></tr></tbody><tbody id="t0"><tr><th colspan="4">Test &#8212; failed (configuration methods)</th></tr><tr class="failedeven"><td rowspan="1">TestCases.VerifyCartItemsTest</td><td><a href="#m0">before</a></td><td rowspan="1">1660287321798</td><td rowspan="1">0</td></tr><tr><th colspan="4">Test &#8212; skipped</th></tr><tr class="skippedeven"><td rowspan="6">TestCases.ContactPageTest</td><td><a href="#m1">validateContactPage</a></td><td rowspan="1">1660287321846</td><td rowspan="1">0</td></tr><tr class="skippedeven"><td><a href="#m2">validateContactPageValidSuccess</a></td><td rowspan="5">1660287321852</td><td rowspan="5">0</td></tr><tr class="skippedeven"><td><a href="#m3">validateContactPageValidSuccess</a></td></tr><tr class="skippedeven"><td><a href="#m4">validateContactPageValidSuccess</a></td></tr><tr class="skippedeven"><td><a href="#m5">validateContactPageValidSuccess</a></td></tr><tr class="skippedeven"><td><a href="#m6">validateContactPageValidSuccess</a></td></tr><tr class="skippedodd"><td rowspan="2">TestCases.VerifyCartItemsTest</td><td><a href="#m7">addItemsAndVerify</a></td><td rowspan="1">1660287321869</td><td rowspan="1">0</td></tr><tr class="skippedodd"><td><a href="#m8">addItemsAndVerifyCartPrice</a></td><td rowspan="1">1660287321873</td><td rowspan="1">0</td></tr></tbody>
</table>
<h2>Test</h2><h3 id="m0">TestCases.VerifyCartItemsTest#before</h3><table class="result"><tr><th>Exception</th></tr><tr><td><div class="stacktrace">java.lang.NullPointerException: Cannot invoke &quot;org.openqa.selenium.WebDriver.get(String)&quot; because &quot;this.driver&quot; is null
	at Testbase.BaseClass.goToHomePage(BaseClass.java:77)
	at TestCases.VerifyCartItemsTest.before(VerifyCartItemsTest.java:23)
... Removed 24 stack frames</div></td></tr></table><p class="totop"><a href="#summary">back to summary</a></p>
<h3 id="m1">TestCases.ContactPageTest#validateContactPage</h3><table class="result"><tr><th>Exception</th></tr><tr><td><div class="stacktrace">java.lang.NullPointerException: Cannot invoke &quot;org.openqa.selenium.WebDriver.get(String)&quot; because &quot;this.driver&quot; is null
	at Testbase.BaseClass.goToHomePage(BaseClass.java:77)
	at TestCases.VerifyCartItemsTest.before(VerifyCartItemsTest.java:23)
... Removed 24 stack frames</div></td></tr></table><p class="totop"><a href="#summary">back to summary</a></p>
<h3 id="m2">TestCases.ContactPageTest#validateContactPageValidSuccess</h3><table class="result"><tr><th>Exception</th></tr><tr><td><div class="stacktrace">java.lang.NullPointerException: Cannot invoke &quot;org.openqa.selenium.WebDriver.get(String)&quot; because &quot;this.driver&quot; is null
	at Testbase.BaseClass.goToHomePage(BaseClass.java:77)
	at TestCases.VerifyCartItemsTest.before(VerifyCartItemsTest.java:23)
... Removed 24 stack frames</div></td></tr></table><p class="totop"><a href="#summary">back to summary</a></p>
<h3 id="m3">TestCases.ContactPageTest#validateContactPageValidSuccess</h3><table class="result"><tr><th>Exception</th></tr><tr><td><div class="stacktrace">java.lang.NullPointerException: Cannot invoke &quot;org.openqa.selenium.WebDriver.get(String)&quot; because &quot;this.driver&quot; is null
	at Testbase.BaseClass.goToHomePage(BaseClass.java:77)
	at TestCases.VerifyCartItemsTest.before(VerifyCartItemsTest.java:23)
... Removed 24 stack frames</div></td></tr></table><p class="totop"><a href="#summary">back to summary</a></p>
<h3 id="m4">TestCases.ContactPageTest#validateContactPageValidSuccess</h3><table class="result"><tr><th>Exception</th></tr><tr><td><div class="stacktrace">java.lang.NullPointerException: Cannot invoke &quot;org.openqa.selenium.WebDriver.get(String)&quot; because &quot;this.driver&quot; is null
	at Testbase.BaseClass.goToHomePage(BaseClass.java:77)
	at TestCases.VerifyCartItemsTest.before(VerifyCartItemsTest.java:23)
... Removed 24 stack frames</div></td></tr></table><p class="totop"><a href="#summary">back to summary</a></p>
<h3 id="m5">TestCases.ContactPageTest#validateContactPageValidSuccess</h3><table class="result"><tr><th>Exception</th></tr><tr><td><div class="stacktrace">java.lang.NullPointerException: Cannot invoke &quot;org.openqa.selenium.WebDriver.get(String)&quot; because &quot;this.driver&quot; is null
	at Testbase.BaseClass.goToHomePage(BaseClass.java:77)
	at TestCases.VerifyCartItemsTest.before(VerifyCartItemsTest.java:23)
... Removed 24 stack frames</div></td></tr></table><p class="totop"><a href="#summary">back to summary</a></p>
<h3 id="m6">TestCases.ContactPageTest#validateContactPageValidSuccess</h3><table class="result"><tr><th>Exception</th></tr><tr><td><div class="stacktrace">java.lang.NullPointerException: Cannot invoke &quot;org.openqa.selenium.WebDriver.get(String)&quot; because &quot;this.driver&quot; is null
	at Testbase.BaseClass.goToHomePage(BaseClass.java:77)
	at TestCases.VerifyCartItemsTest.before(VerifyCartItemsTest.java:23)
... Removed 24 stack frames</div></td></tr></table><p class="totop"><a href="#summary">back to summary</a></p>
<h3 id="m7">TestCases.VerifyCartItemsTest#addItemsAndVerify</h3><table class="result"><tr><th>Exception</th></tr><tr><td><div class="stacktrace">java.lang.NullPointerException: Cannot invoke &quot;org.openqa.selenium.WebDriver.get(String)&quot; because &quot;this.driver&quot; is null
	at Testbase.BaseClass.goToHomePage(BaseClass.java:77)
	at TestCases.VerifyCartItemsTest.before(VerifyCartItemsTest.java:23)
... Removed 24 stack frames</div></td></tr></table><p class="totop"><a href="#summary">back to summary</a></p>
<h3 id="m8">TestCases.VerifyCartItemsTest#addItemsAndVerifyCartPrice</h3><table class="result"><tr><th>Exception</th></tr><tr><td><div class="stacktrace">java.lang.NullPointerException: Cannot invoke &quot;org.openqa.selenium.WebDriver.get(String)&quot; because &quot;this.driver&quot; is null
	at Testbase.BaseClass.goToHomePage(BaseClass.java:77)
	at TestCases.VerifyCartItemsTest.before(VerifyCartItemsTest.java:23)
... Removed 24 stack frames</div></td></tr></table><p class="totop"><a href="#summary">back to summary</a></p>
</body>
</html>
