<?xml version="1.0" encoding="UTF-8"?>
<testng-results ignored="1" total="9" passed="6" failed="2" skipped="0">
  <reporter-output>
  </reporter-output>
  <suite started-at="2022-08-12T12:55:47 IST" name="AutomationTesting" finished-at="2022-08-12T12:56:35 IST" duration-ms="48053">
    <groups>
    </groups>
    <test started-at="2022-08-12T12:55:47 IST" name="Test" finished-at="2022-08-12T12:56:35 IST" duration-ms="48053">
      <class name="TestCases.ContactPageTest">
        <test-method is-config="true" signature="setup()[pri:0, instance:TestCases.ContactPageTest@bae7dc0]" started-at="2022-08-12T12:55:42 IST" name="setup" finished-at="2022-08-12T12:55:47 IST" duration-ms="4819" status="PASS">
          <reporter-output>
          </reporter-output>
        </test-method> <!-- setup -->
        <test-method is-config="true" signature="before()[pri:0, instance:TestCases.ContactPageTest@bae7dc0]" started-at="2022-08-12T12:55:47 IST" name="before" finished-at="2022-08-12T12:55:47 IST" duration-ms="2" status="PASS">
          <reporter-output>
          </reporter-output>
        </test-method> <!-- before -->
        <test-method signature="validateContactPage()[pri:1, instance:TestCases.ContactPageTest@bae7dc0]" started-at="2022-08-12T12:55:47 IST" name="validateContactPage" finished-at="2022-08-12T12:55:48 IST" duration-ms="1027" status="PASS">
          <reporter-output>
          </reporter-output>
        </test-method> <!-- validateContactPage -->
        <test-method signature="validateContactPageValidSuccess()[pri:2, instance:TestCases.ContactPageTest@bae7dc0]" started-at="2022-08-12T12:55:48 IST" name="validateContactPageValidSuccess" finished-at="2022-08-12T12:55:59 IST" duration-ms="11125" status="PASS">
          <reporter-output>
          </reporter-output>
        </test-method> <!-- validateContactPageValidSuccess -->
        <test-method signature="validateContactPageValidSuccess()[pri:2, instance:TestCases.ContactPageTest@bae7dc0]" started-at="2022-08-12T12:55:59 IST" name="validateContactPageValidSuccess" finished-at="2022-08-12T12:56:14 IST" duration-ms="14536" status="PASS">
          <reporter-output>
          </reporter-output>
        </test-method> <!-- validateContactPageValidSuccess -->
        <test-method signature="validateContactPageValidSuccess()[pri:2, instance:TestCases.ContactPageTest@bae7dc0]" started-at="2022-08-12T12:56:14 IST" name="validateContactPageValidSuccess" finished-at="2022-08-12T12:56:19 IST" duration-ms="5026" status="PASS">
          <reporter-output>
          </reporter-output>
        </test-method> <!-- validateContactPageValidSuccess -->
        <test-method signature="validateContactPageValidSuccess()[pri:2, instance:TestCases.ContactPageTest@bae7dc0]" started-at="2022-08-12T12:56:19 IST" name="validateContactPageValidSuccess" finished-at="2022-08-12T12:56:26 IST" duration-ms="6990" status="PASS">
          <reporter-output>
          </reporter-output>
        </test-method> <!-- validateContactPageValidSuccess -->
        <test-method signature="validateContactPageValidSuccess()[pri:2, instance:TestCases.ContactPageTest@bae7dc0]" started-at="2022-08-12T12:56:26 IST" name="validateContactPageValidSuccess" finished-at="2022-08-12T12:56:35 IST" duration-ms="9260" status="PASS">
          <reporter-output>
          </reporter-output>
        </test-method> <!-- validateContactPageValidSuccess -->
      </class> <!-- TestCases.ContactPageTest -->
      <class name="TestCases.VerifyCartItemsTest">
        <test-method is-config="true" signature="before()[pri:0, instance:TestCases.VerifyCartItemsTest@c88a337]" started-at="2022-08-12T12:55:47 IST" name="before" finished-at="2022-08-12T12:55:47 IST" duration-ms="1" status="PASS">
          <reporter-output>
          </reporter-output>
        </test-method> <!-- before -->
        <test-method signature="addItemsAndVerify()[pri:3, instance:TestCases.VerifyCartItemsTest@c88a337]" started-at="2022-08-12T12:56:35 IST" name="addItemsAndVerify" finished-at="2022-08-12T12:56:35 IST" duration-ms="1" status="FAIL">
          <exception class="java.lang.NullPointerException">
            <message>
              <![CDATA[Cannot invoke "org.openqa.selenium.WebDriver.findElement(org.openqa.selenium.By)" because "this.driver" is null]]>
            </message>
            <full-stacktrace>
              <![CDATA[java.lang.NullPointerException: Cannot invoke "org.openqa.selenium.WebDriver.findElement(org.openqa.selenium.By)" because "this.driver" is null
at TestCases.VerifyCartItemsTest.addItemsAndVerify(VerifyCartItemsTest.java:30)
at java.base/jdk.internal.reflect.NativeMethodAccessorImpl.invoke0(Native Method)
at java.base/jdk.internal.reflect.NativeMethodAccessorImpl.invoke(NativeMethodAccessorImpl.java:77)
at java.base/jdk.internal.reflect.DelegatingMethodAccessorImpl.invoke(DelegatingMethodAccessorImpl.java:43)
at java.base/java.lang.reflect.Method.invoke(Method.java:568)
at org.testng.internal.MethodInvocationHelper.invokeMethod(MethodInvocationHelper.java:133)
at org.testng.internal.TestInvoker.invokeMethod(TestInvoker.java:598)
at org.testng.internal.TestInvoker.invokeTestMethod(TestInvoker.java:173)
at org.testng.internal.MethodRunner.runInSequence(MethodRunner.java:46)
at org.testng.internal.TestInvoker$MethodInvocationAgent.invoke(TestInvoker.java:824)
at org.testng.internal.TestInvoker.invokeTestMethods(TestInvoker.java:146)
at org.testng.internal.TestMethodWorker.invokeTestMethods(TestMethodWorker.java:146)
at org.testng.internal.TestMethodWorker.run(TestMethodWorker.java:128)
at java.base/java.util.ArrayList.forEach(ArrayList.java:1511)
at org.testng.TestRunner.privateRun(TestRunner.java:794)
at org.testng.TestRunner.run(TestRunner.java:596)
at org.testng.SuiteRunner.runTest(SuiteRunner.java:377)
at org.testng.SuiteRunner.runSequentially(SuiteRunner.java:371)
at org.testng.SuiteRunner.privateRun(SuiteRunner.java:332)
at org.testng.SuiteRunner.run(SuiteRunner.java:276)
at org.testng.SuiteRunnerWorker.runSuite(SuiteRunnerWorker.java:53)
at org.testng.SuiteRunnerWorker.run(SuiteRunnerWorker.java:96)
at org.testng.TestNG.runSuitesSequentially(TestNG.java:1212)
at org.testng.TestNG.runSuitesLocally(TestNG.java:1134)
at org.testng.TestNG.runSuites(TestNG.java:1063)
at org.testng.TestNG.run(TestNG.java:1031)
at org.testng.remote.AbstractRemoteTestNG.run(AbstractRemoteTestNG.java:115)
at org.testng.remote.RemoteTestNG.initAndRun(RemoteTestNG.java:251)
at org.testng.remote.RemoteTestNG.main(RemoteTestNG.java:77)
]]>
            </full-stacktrace>
          </exception> <!-- java.lang.NullPointerException -->
          <reporter-output>
          </reporter-output>
        </test-method> <!-- addItemsAndVerify -->
        <test-method signature="addItemsAndVerifyCartPrice()[pri:4, instance:TestCases.VerifyCartItemsTest@c88a337]" started-at="2022-08-12T12:56:35 IST" name="addItemsAndVerifyCartPrice" finished-at="2022-08-12T12:56:35 IST" duration-ms="1" status="FAIL">
          <exception class="java.lang.NullPointerException">
            <message>
              <![CDATA[Cannot invoke "org.openqa.selenium.WebDriver.findElement(org.openqa.selenium.By)" because "this.driver" is null]]>
            </message>
            <full-stacktrace>
              <![CDATA[java.lang.NullPointerException: Cannot invoke "org.openqa.selenium.WebDriver.findElement(org.openqa.selenium.By)" because "this.driver" is null
at TestCases.VerifyCartItemsTest.addItemsAndVerifyCartPrice(VerifyCartItemsTest.java:64)
at java.base/jdk.internal.reflect.NativeMethodAccessorImpl.invoke0(Native Method)
at java.base/jdk.internal.reflect.NativeMethodAccessorImpl.invoke(NativeMethodAccessorImpl.java:77)
at java.base/jdk.internal.reflect.DelegatingMethodAccessorImpl.invoke(DelegatingMethodAccessorImpl.java:43)
at java.base/java.lang.reflect.Method.invoke(Method.java:568)
at org.testng.internal.MethodInvocationHelper.invokeMethod(MethodInvocationHelper.java:133)
at org.testng.internal.TestInvoker.invokeMethod(TestInvoker.java:598)
at org.testng.internal.TestInvoker.invokeTestMethod(TestInvoker.java:173)
at org.testng.internal.MethodRunner.runInSequence(MethodRunner.java:46)
at org.testng.internal.TestInvoker$MethodInvocationAgent.invoke(TestInvoker.java:824)
at org.testng.internal.TestInvoker.invokeTestMethods(TestInvoker.java:146)
at org.testng.internal.TestMethodWorker.invokeTestMethods(TestMethodWorker.java:146)
at org.testng.internal.TestMethodWorker.run(TestMethodWorker.java:128)
at java.base/java.util.ArrayList.forEach(ArrayList.java:1511)
at org.testng.TestRunner.privateRun(TestRunner.java:794)
at org.testng.TestRunner.run(TestRunner.java:596)
at org.testng.SuiteRunner.runTest(SuiteRunner.java:377)
at org.testng.SuiteRunner.runSequentially(SuiteRunner.java:371)
at org.testng.SuiteRunner.privateRun(SuiteRunner.java:332)
at org.testng.SuiteRunner.run(SuiteRunner.java:276)
at org.testng.SuiteRunnerWorker.runSuite(SuiteRunnerWorker.java:53)
at org.testng.SuiteRunnerWorker.run(SuiteRunnerWorker.java:96)
at org.testng.TestNG.runSuitesSequentially(TestNG.java:1212)
at org.testng.TestNG.runSuitesLocally(TestNG.java:1134)
at org.testng.TestNG.runSuites(TestNG.java:1063)
at org.testng.TestNG.run(TestNG.java:1031)
at org.testng.remote.AbstractRemoteTestNG.run(AbstractRemoteTestNG.java:115)
at org.testng.remote.RemoteTestNG.initAndRun(RemoteTestNG.java:251)
at org.testng.remote.RemoteTestNG.main(RemoteTestNG.java:77)
]]>
            </full-stacktrace>
          </exception> <!-- java.lang.NullPointerException -->
          <reporter-output>
          </reporter-output>
        </test-method> <!-- addItemsAndVerifyCartPrice -->
      </class> <!-- TestCases.VerifyCartItemsTest -->
    </test> <!-- Test -->
  </suite> <!-- AutomationTesting -->
</testng-results>
